<?xml version="1.0" encoding="UTF-8"?>
<!-- Generated by org.testng.reporters.JUnitReportReporter -->
<testsuite hostname="Home" failures="0" tests="1" name="Programes.NewTestPC5" time="22.819" errors="0" timestamp="2020-08-27T08:10:38 IST" skipped="0">
  <testcase classname="Programes.NewTestPC5" name="f" time="22.819"/>
  <system-out/>
</testsuite> <!-- Programes.NewTestPC5 -->
