<?xml version="1.0" encoding="UTF-8"?>
<!-- Generated by org.testng.reporters.JUnitReportReporter -->
<testsuite hostname="Home" failures="0" tests="1" name="Programes.NewTestPC3" time="22.575" errors="0" timestamp="2020-08-26T18:06:01 IST" skipped="0">
  <testcase classname="Programes.NewTestPC3" name="f" time="22.575"/>
  <system-out/>
</testsuite> <!-- Programes.NewTestPC3 -->
