<?xml version="1.0" encoding="UTF-8"?>
<!-- Generated by org.testng.reporters.JUnitReportReporter -->
<testsuite hostname="Home" failures="0" tests="1" name="Programes.NewTest004" time="18.560" errors="0" timestamp="2020-08-25T22:04:27 IST" skipped="0">
  <testcase classname="Programes.NewTest004" name="mouseover" time="18.560"/>
  <system-out/>
</testsuite> <!-- Programes.NewTest004 -->
