<?xml version="1.0" encoding="UTF-8"?>
<!-- Generated by org.testng.reporters.JUnitReportReporter -->
<testsuite hostname="Home" failures="0" tests="1" name="Programes.NewTest006" time="15.594" errors="0" timestamp="2020-08-25T22:39:56 IST" skipped="0">
  <testcase classname="Programes.NewTest006" name="mouseover" time="15.594"/>
  <system-out/>
</testsuite> <!-- Programes.NewTest006 -->
