<?xml version="1.0" encoding="UTF-8"?>
<!-- Generated by org.testng.reporters.JUnitReportReporter -->
<testsuite hostname="Home" failures="0" tests="1" name="Programes.NewTestPC4" time="1.006" errors="0" timestamp="2020-08-30T19:41:40 IST" skipped="0">
  <testcase classname="Programes.NewTestPC4" name="f" time="1.006"/>
  <system-out/>
</testsuite> <!-- Programes.NewTestPC4 -->
