<?xml version="1.0" encoding="UTF-8"?>
<!-- Generated by org.testng.reporters.JUnitReportReporter -->
<testsuite hostname="Home" failures="0" tests="1" name="Programes.NewTest005" time="18.799" errors="0" timestamp="2020-08-25T22:23:38 IST" skipped="0">
  <testcase classname="Programes.NewTest005" name="mouseover" time="18.799"/>
  <system-out/>
</testsuite> <!-- Programes.NewTest005 -->
