<?xml version="1.0" encoding="UTF-8"?>
<!-- Generated by org.testng.reporters.JUnitReportReporter -->
<testsuite hostname="Home" failures="0" tests="1" name="Programes.NewTest002" time="9.472" errors="0" timestamp="2020-08-25T10:20:18 IST" skipped="0">
  <testcase classname="Programes.NewTest002" name="alert" time="9.472"/>
  <system-out/>
</testsuite> <!-- Programes.NewTest002 -->
