<?xml version="1.0" encoding="UTF-8"?>
<!-- Generated by org.testng.reporters.JUnitReportReporter -->
<testsuite hostname="Home" failures="0" tests="1" name="Programes.NewTest003" time="22.710" errors="0" timestamp="2020-08-25T19:33:25 IST" skipped="0">
  <testcase classname="Programes.NewTest003" name="mouseover" time="22.710"/>
  <system-out/>
</testsuite> <!-- Programes.NewTest003 -->
